This is cutadapt 1.16 with Python 2.7.12
Command line parameters: -g ^AGACTC -e 0 --overlap 6 --minimum-length 20 --discard-untrimmed -o barcodes/B_SC-BLESS_C1_S1_L001_R1_BCHLT_barcodes_20.fastq.gz -p barcodes/B_SC-BLESS_C1_S1_L001_R2_BCHLT_barcodes_20.fastq.gz trim_adapters/B_SC-BLESS_C1_S1_L001_R1_BCHLT_cutadapt_native_adapters_4.fastq.gz trim_adapters/B_SC-BLESS_C1_S1_L001_R2_BCHLT_cutadapt_native_adapters_4.fastq.gz
Running on 1 core
Trimming 1 adapter with at most 0.0% errors in paired-end legacy mode ...
Finished in 68.04 s (15 us/read; 3.89 M reads/minute).

=== Summary ===

Total read pairs processed:          4,406,313
  Read 1 with adapter:               2,721,252 (61.8%)
  Read 2 with adapter:                       0 (0.0%)
Pairs that were too short:           4,033,487 (91.5%)
Pairs written (passing filters):       281,630 (6.4%)

Total basepairs processed:   134,042,164 bp
  Read 1:    54,942,115 bp
  Read 2:    79,100,049 bp
Total written (filtered):     34,955,705 bp (26.1%)
  Read 1:    16,891,985 bp
  Read 2:    18,063,720 bp

=== First read: Adapter 1 ===

Sequence: AGACTC; Type: anchored 5'; Length: 6; Trimmed: 2721252 times.

No. of allowed errors:
0-6 bp: 0

Overview of removed sequences
length	count	expect	max.err	error counts
6	2721252	1075.8	0	2721252

This is cutadapt 1.16 with Python 2.7.12
Command line parameters: -g ^AGACTC -e 0 --overlap 6 --minimum-length 20 --discard-untrimmed -o barcodes/B_SC-BLESS_NB_S2_L001_R1_BCHLT_barcodes_20.fastq.gz -p barcodes/B_SC-BLESS_NB_S2_L001_R2_BCHLT_barcodes_20.fastq.gz trim_adapters/B_SC-BLESS_NB_S2_L001_R1_BCHLT_cutadapt_native_adapters_4.fastq.gz trim_adapters/B_SC-BLESS_NB_S2_L001_R2_BCHLT_cutadapt_native_adapters_4.fastq.gz
Running on 1 core
Trimming 1 adapter with at most 0.0% errors in paired-end legacy mode ...
Finished in 58.82 s (18 us/read; 3.28 M reads/minute).

=== Summary ===

Total read pairs processed:          3,217,151
  Read 1 with adapter:               2,220,416 (69.0%)
  Read 2 with adapter:                       0 (0.0%)
Pairs that were too short:           2,332,414 (72.5%)
Pairs written (passing filters):       696,293 (21.6%)

Total basepairs processed:   169,466,817 bp
  Read 1:    76,649,939 bp
  Read 2:    92,816,878 bp
Total written (filtered):     88,801,472 bp (52.4%)
  Read 1:    42,822,025 bp
  Read 2:    45,979,447 bp

=== First read: Adapter 1 ===

Sequence: AGACTC; Type: anchored 5'; Length: 6; Trimmed: 2220416 times.

No. of allowed errors:
0-6 bp: 0

Overview of removed sequences
length	count	expect	max.err	error counts
6	2220416	785.4	0	2220416

This is cutadapt 1.16 with Python 2.7.12
Command line parameters: -a GAGTCT -e 0.2 --overlap 5 --minimum-length 20 --discard-untrimmed -o barcodes/B_SC-BLESS_C1_S1_L001_R2_BCHLT_barcodes_2_20.fastq.gz -p barcodes/B_SC-BLESS_C1_S1_L001_R1_BCHLT_barcodes_2_20.fastq.gz barcodes/B_SC-BLESS_C1_S1_L001_R2_BCHLT_barcodes_30.fastq.gz barcodes/B_SC-BLESS_C1_S1_L001_R1_BCHLT_barcodes_30.fastq.gz
Running on 1 core
Trimming 1 adapter with at most 20.0% errors in paired-end legacy mode ...
Finished in 6.13 s (22 us/read; 2.72 M reads/minute).

=== Summary ===

Total read pairs processed:            277,829
  Read 1 with adapter:                 259,395 (93.4%)
  Read 2 with adapter:                       0 (0.0%)
Pairs that were too short:             182,358 (65.6%)
Pairs written (passing filters):        77,238 (27.8%)

Total basepairs processed:    34,731,602 bp
  Read 1:    17,928,519 bp
  Read 2:    16,803,083 bp
Total written (filtered):      8,174,671 bp (23.5%)
  Read 1:     3,652,701 bp
  Read 2:     4,521,970 bp

=== First read: Adapter 1 ===

Sequence: GAGTCT; Type: regular 3'; Length: 6; Trimmed: 259395 times.

No. of allowed errors:
0-4 bp: 0; 5-6 bp: 1

Bases preceding removed adapters:
  A: 12.5%
  C: 50.0%
  G: 13.9%
  T: 15.8%
  none/other: 7.9%

Overview of removed sequences
length	count	expect	max.err	error counts
4	145	1085.3	0	0 145
5	220	271.3	1	70 150
6	50680	67.8	1	49745 935
7	1025	67.8	1	936 89
8	1156	67.8	1	1064 92
9	235	67.8	1	102 133
10	264	67.8	1	135 129
11	389	67.8	1	137 252
12	324	67.8	1	176 148
13	295	67.8	1	188 107
14	272	67.8	1	168 104
15	346	67.8	1	215 131
16	274	67.8	1	134 140
17	429	67.8	1	147 282
18	526	67.8	1	210 316
19	493	67.8	1	117 376
20	326	67.8	1	88 238
21	488	67.8	1	69 419
22	614	67.8	1	53 561
23	379	67.8	1	57 322
24	443	67.8	1	30 413
25	598	67.8	1	43 555
26	619	67.8	1	40 579
27	753	67.8	1	29 724
28	766	67.8	1	20 746
29	424	67.8	1	51 373
30	447	67.8	1	31 416
31	554	67.8	1	99 455
32	780	67.8	1	166 614
33	1101	67.8	1	250 851
34	1069	67.8	1	204 865
35	2080	67.8	1	702 1378
36	5737	67.8	1	1736 4001
37	2974	67.8	1	1806 1168
38	2408	67.8	1	917 1491
39	1534	67.8	1	1021 513
40	1306	67.8	1	977 329
41	4518	67.8	1	4288 230
42	740	67.8	1	525 215
43	616	67.8	1	439 177
44	578	67.8	1	304 274
45	347	67.8	1	209 138
46	325	67.8	1	224 101
47	573	67.8	1	357 216
48	565	67.8	1	271 294
49	629	67.8	1	460 169
50	509	67.8	1	297 212
51	431	67.8	1	294 137
52	604	67.8	1	294 310
53	843	67.8	1	404 439
54	1065	67.8	1	817 248
55	1666	67.8	1	1520 146
56	7609	67.8	1	7302 307
57	9918	67.8	1	9582 336
58	9821	67.8	1	9019 802
59	10835	67.8	1	9964 871
60	17438	67.8	1	16596 842
61	22685	67.8	1	22324 361
62	26101	67.8	1	25676 425
63	6922	67.8	1	6636 286
64	7804	67.8	1	7408 396
65	8070	67.8	1	7168 902
66	3502	67.8	1	3353 149
67	2847	67.8	1	2434 413
68	3361	67.8	1	3121 240
69	3428	67.8	1	2993 435
70	16645	67.8	1	14184 2461
71	5927	67.8	1	4508 1419

This is cutadapt 1.16 with Python 2.7.12
Command line parameters: -a GAGTCT -e 0.2 --overlap 5 --minimum-length 20 --discard-untrimmed -o barcodes/B_SC-BLESS_NB_S2_L001_R2_BCHLT_barcodes_2_20.fastq.gz -p barcodes/B_SC-BLESS_NB_S2_L001_R1_BCHLT_barcodes_2_20.fastq.gz barcodes/B_SC-BLESS_NB_S2_L001_R2_BCHLT_barcodes_30.fastq.gz barcodes/B_SC-BLESS_NB_S2_L001_R1_BCHLT_barcodes_30.fastq.gz
Running on 1 core
Trimming 1 adapter with at most 20.0% errors in paired-end legacy mode ...
Finished in 14.93 s (22 us/read; 2.79 M reads/minute).

=== Summary ===

Total read pairs processed:            692,904
  Read 1 with adapter:                 631,784 (91.2%)
  Read 2 with adapter:                       0 (0.0%)
Pairs that were too short:             452,157 (65.3%)
Pairs written (passing filters):       179,888 (26.0%)

Total basepairs processed:    88,596,905 bp
  Read 1:    45,855,671 bp
  Read 2:    42,741,234 bp
Total written (filtered):     19,247,636 bp (21.7%)
  Read 1:     8,407,946 bp
  Read 2:    10,839,690 bp

=== First read: Adapter 1 ===

Sequence: GAGTCT; Type: regular 3'; Length: 6; Trimmed: 631784 times.

No. of allowed errors:
0-4 bp: 0; 5-6 bp: 1

Bases preceding removed adapters:
  A: 9.7%
  C: 53.0%
  G: 13.1%
  T: 17.2%
  none/other: 7.0%

Overview of removed sequences
length	count	expect	max.err	error counts
4	430	2706.7	0	0 430
5	1383	676.7	1	223 1160
6	93958	169.2	1	92616 1342
7	2546	169.2	1	2144 402
8	3232	169.2	1	2428 804
9	960	169.2	1	378 582
10	1070	169.2	1	438 632
11	809	169.2	1	458 351
12	935	169.2	1	537 398
13	1073	169.2	1	451 622
14	654	169.2	1	352 302
15	983	169.2	1	348 635
16	736	169.2	1	214 522
17	1302	169.2	1	388 914
18	999	169.2	1	334 665
19	1833	169.2	1	320 1513
20	1216	169.2	1	282 934
21	1186	169.2	1	193 993
22	1146	169.2	1	170 976
23	1315	169.2	1	87 1228
24	1418	169.2	1	58 1360
25	1704	169.2	1	63 1641
26	1882	169.2	1	42 1840
27	2802	169.2	1	52 2750
28	2377	169.2	1	40 2337
29	1348	169.2	1	59 1289
30	1648	169.2	1	56 1592
31	1781	169.2	1	166 1615
32	2726	169.2	1	326 2400
33	2904	169.2	1	369 2535
34	1528	169.2	1	151 1377
35	4940	169.2	1	797 4143
36	14936	169.2	1	1650 13286
37	5796	169.2	1	1494 4302
38	6472	169.2	1	745 5727
39	2481	169.2	1	723 1758
40	1597	169.2	1	776 821
41	6171	169.2	1	4814 1357
42	1749	169.2	1	689 1060
43	991	169.2	1	335 656
44	1173	169.2	1	278 895
45	750	169.2	1	174 576
46	648	169.2	1	306 342
47	1705	169.2	1	544 1161
48	831	169.2	1	329 502
49	2263	169.2	1	1267 996
50	1333	169.2	1	651 682
51	1659	169.2	1	944 715
52	1856	169.2	1	872 984
53	1424	169.2	1	1123 301
54	3623	169.2	1	3020 603
55	4643	169.2	1	4109 534
56	26461	169.2	1	25567 894
57	31576	169.2	1	30343 1233
58	28174	169.2	1	26041 2133
59	35247	169.2	1	34286 961
60	34506	169.2	1	33409 1097
61	42288	169.2	1	41353 935
62	67580	169.2	1	66127 1453
63	10222	169.2	1	9778 444
64	15894	169.2	1	15112 782
65	23153	169.2	1	20444 2709
66	10796	169.2	1	9723 1073
67	8654	169.2	1	8039 615
68	8841	169.2	1	6915 1926
69	9714	169.2	1	8635 1079
70	55860	169.2	1	52063 3797
71	15893	169.2	1	13067 2826

This is cutadapt 1.16 with Python 2.7.12
Command line parameters: -a GAGTCT -a CAGTCT -e 0.2 --overlap 5 --minimum-length 1 --discard-untrimmed -o barcodes/B_SC-BLESS_C1_S1_L001_R2_BCHLT_barcodes_2_20.fastq.gz -p barcodes/B_SC-BLESS_C1_S1_L001_R1_BCHLT_barcodes_2_20.fastq.gz barcodes/B_SC-BLESS_C1_S1_L001_R2_BCHLT_barcodes_30.fastq.gz barcodes/B_SC-BLESS_C1_S1_L001_R1_BCHLT_barcodes_30.fastq.gz
Running on 1 core
Trimming 2 adapters with at most 20.0% errors in paired-end legacy mode ...
Finished in 10.08 s (36 us/read; 1.65 M reads/minute).

=== Summary ===

Total read pairs processed:            277,829
  Read 1 with adapter:                 267,835 (96.4%)
  Read 2 with adapter:                       0 (0.0%)
Pairs that were too short:              21,754 (7.8%)
Pairs written (passing filters):       246,081 (88.6%)

Total basepairs processed:    34,731,602 bp
  Read 1:    17,928,519 bp
  Read 2:    16,803,083 bp
Total written (filtered):     19,718,301 bp (56.8%)
  Read 1:     4,817,668 bp
  Read 2:    14,900,633 bp

=== First read: Adapter 1 ===

Sequence: GAGTCT; Type: regular 3'; Length: 6; Trimmed: 256950 times.

No. of allowed errors:
0-4 bp: 0; 5-6 bp: 1

Bases preceding removed adapters:
  A: 12.4%
  C: 50.3%
  G: 13.9%
  T: 15.8%
  none/other: 7.6%

Overview of removed sequences
length	count	expect	max.err	error counts
4	110	1085.3	0	0 110
5	166	271.3	1	63 103
6	50502	67.8	1	49745 757
7	1025	67.8	1	936 89
8	1145	67.8	1	1064 81
9	219	67.8	1	102 117
10	254	67.8	1	135 119
11	378	67.8	1	137 241
12	308	67.8	1	176 132
13	291	67.8	1	188 103
14	268	67.8	1	168 100
15	324	67.8	1	215 109
16	269	67.8	1	134 135
17	413	67.8	1	147 266
18	518	67.8	1	210 308
19	482	67.8	1	117 365
20	307	67.8	1	88 219
21	475	67.8	1	69 406
22	588	67.8	1	53 535
23	370	67.8	1	57 313
24	438	67.8	1	30 408
25	592	67.8	1	43 549
26	612	67.8	1	40 572
27	744	67.8	1	29 715
28	764	67.8	1	20 744
29	421	67.8	1	51 370
30	430	67.8	1	31 399
31	533	67.8	1	99 434
32	746	67.8	1	166 580
33	1062	67.8	1	250 812
34	1000	67.8	1	204 796
35	2066	67.8	1	702 1364
36	5724	67.8	1	1736 3988
37	2959	67.8	1	1806 1153
38	2402	67.8	1	917 1485
39	1497	67.8	1	1021 476
40	1275	67.8	1	977 298
41	4504	67.8	1	4288 216
42	708	67.8	1	525 183
43	604	67.8	1	439 165
44	572	67.8	1	304 268
45	341	67.8	1	209 132
46	317	67.8	1	224 93
47	563	67.8	1	357 206
48	557	67.8	1	271 286
49	619	67.8	1	460 159
50	488	67.8	1	297 191
51	428	67.8	1	294 134
52	563	67.8	1	294 269
53	810	67.8	1	404 406
54	1050	67.8	1	817 233
55	1656	67.8	1	1520 136
56	7578	67.8	1	7302 276
57	9900	67.8	1	9582 318
58	9763	67.8	1	9019 744
59	10814	67.8	1	9964 850
60	17398	67.8	1	16596 802
61	22651	67.8	1	22324 327
62	26065	67.8	1	25676 389
63	6888	67.8	1	6636 252
64	7755	67.8	1	7408 347
65	8028	67.8	1	7168 860
66	3491	67.8	1	3353 138
67	2823	67.8	1	2434 389
68	3338	67.8	1	3121 217
69	3402	67.8	1	2993 409
70	16517	67.8	1	14184 2333
71	5082	67.8	1	4508 574

=== First read: Adapter 2 ===

Sequence: CAGTCT; Type: regular 3'; Length: 6; Trimmed: 10885 times.

No. of allowed errors:
0-4 bp: 0; 5-6 bp: 1

Bases preceding removed adapters:
  A: 18.1%
  C: 22.4%
  G: 16.2%
  T: 22.4%
  none/other: 20.8%

Overview of removed sequences
length	count	expect	max.err	error counts
4	156	1085.3	0	0 156
5	114	271.3	1	17 97
6	347	67.8	1	175 172
7	136	67.8	1	5 131
8	326	67.8	1	7 319
9	78	67.8	1	3 75
10	365	67.8	1	9 356
11	80	67.8	1	10 70
12	92	67.8	1	25 67
13	56	67.8	1	6 50
14	77	67.8	1	7 70
15	195	67.8	1	11 184
16	61	67.8	1	4 57
17	149	67.8	1	16 133
18	68	67.8	1	2 66
19	200	67.8	1	21 179
20	104	67.8	1	16 88
21	103	67.8	1	19 84
22	165	67.8	1	7 158
23	75	67.8	1	6 69
24	171	67.8	1	3 168
25	175	67.8	1	7 168
26	305	67.8	1	3 302
27	87	67.8	1	2 85
28	69	67.8	1	2 67
29	91	67.8	1	2 89
30	102	67.8	1	8 94
31	84	67.8	1	9 75
32	176	67.8	1	27 149
33	162	67.8	1	22 140
34	81	67.8	1	8 73
35	168	67.8	1	8 160
36	70	67.8	1	4 66
37	150	67.8	1	7 143
38	118	67.8	1	1 117
39	107	67.8	1	15 92
40	65	67.8	1	7 58
41	78	67.8	1	6 72
42	92	67.8	1	12 80
43	47	67.8	1	2 45
44	99	67.8	1	3 96
45	97	67.8	1	1 96
46	48	67.8	1	3 45
47	199	67.8	1	5 194
48	64	67.8	1	7 57
49	53	67.8	1	7 46
50	75	67.8	1	4 71
51	50	67.8	1	2 48
52	151	67.8	1	3 148
53	146	67.8	1	10 136
54	107	67.8	1	11 96
55	97	67.8	1	1 96
56	72	67.8	1	14 58
57	119	67.8	1	17 102
58	383	67.8	1	61 322
59	117	67.8	1	7 110
60	118	67.8	1	15 103
61	164	67.8	1	19 145
62	79	67.8	1	15 64
63	137	67.8	1	28 109
64	349	67.8	1	12 337
65	137	67.8	1	13 124
66	132	67.8	1	6 126
67	142	67.8	1	10 132
68	93	67.8	1	14 79
69	255	67.8	1	6 249
70	108	67.8	1	30 78
71	1949	67.8	1	820 1129

This is cutadapt 1.16 with Python 2.7.12
Command line parameters: -a GAGTCT -a CAGTCT -e 0.2 --overlap 5 --minimum-length 1 --discard-untrimmed -o barcodes/B_SC-BLESS_NB_S2_L001_R2_BCHLT_barcodes_2_20.fastq.gz -p barcodes/B_SC-BLESS_NB_S2_L001_R1_BCHLT_barcodes_2_20.fastq.gz barcodes/B_SC-BLESS_NB_S2_L001_R2_BCHLT_barcodes_30.fastq.gz barcodes/B_SC-BLESS_NB_S2_L001_R1_BCHLT_barcodes_30.fastq.gz
Running on 1 core
Trimming 2 adapters with at most 20.0% errors in paired-end legacy mode ...
Finished in 26.38 s (38 us/read; 1.58 M reads/minute).

=== Summary ===

Total read pairs processed:            692,904
  Read 1 with adapter:                 660,502 (95.3%)
  Read 2 with adapter:                       0 (0.0%)
Pairs that were too short:              46,852 (6.8%)
Pairs written (passing filters):       613,650 (88.6%)

Total basepairs processed:    88,596,905 bp
  Read 1:    45,855,671 bp
  Read 2:    42,741,234 bp
Total written (filtered):     49,269,743 bp (55.6%)
  Read 1:    11,402,259 bp
  Read 2:    37,867,484 bp

=== First read: Adapter 1 ===

Sequence: GAGTCT; Type: regular 3'; Length: 6; Trimmed: 625295 times.

No. of allowed errors:
0-4 bp: 0; 5-6 bp: 1

Bases preceding removed adapters:
  A: 9.4%
  C: 53.4%
  G: 13.1%
  T: 17.2%
  none/other: 6.8%

Overview of removed sequences
length	count	expect	max.err	error counts
4	313	2706.7	0	0 313
5	560	676.7	1	207 353
6	93650	169.2	1	92616 1034
7	2528	169.2	1	2144 384
8	3146	169.2	1	2428 718
9	944	169.2	1	378 566
10	1052	169.2	1	438 614
11	783	169.2	1	458 325
12	906	169.2	1	537 369
13	1053	169.2	1	451 602
14	635	169.2	1	352 283
15	967	169.2	1	348 619
16	724	169.2	1	214 510
17	1160	169.2	1	388 772
18	972	169.2	1	334 638
19	1706	169.2	1	320 1386
20	1182	169.2	1	282 900
21	1148	169.2	1	193 955
22	1094	169.2	1	170 924
23	1297	169.2	1	87 1210
24	1402	169.2	1	58 1344
25	1675	169.2	1	63 1612
26	1813	169.2	1	42 1771
27	2764	169.2	1	52 2712
28	2361	169.2	1	40 2321
29	1336	169.2	1	59 1277
30	1528	169.2	1	56 1472
31	1723	169.2	1	166 1557
32	2640	169.2	1	326 2314
33	2775	169.2	1	369 2406
34	1494	169.2	1	151 1343
35	4906	169.2	1	797 4109
36	14906	169.2	1	1650 13256
37	5771	169.2	1	1494 4277
38	6449	169.2	1	745 5704
39	2394	169.2	1	723 1671
40	1571	169.2	1	776 795
41	6122	169.2	1	4814 1308
42	1545	169.2	1	689 856
43	961	169.2	1	335 626
44	1143	169.2	1	278 865
45	743	169.2	1	174 569
46	643	169.2	1	306 337
47	1647	169.2	1	544 1103
48	812	169.2	1	329 483
49	2202	169.2	1	1267 935
50	1218	169.2	1	651 567
51	1611	169.2	1	944 667
52	1792	169.2	1	872 920
53	1389	169.2	1	1123 266
54	3590	169.2	1	3020 570
55	4620	169.2	1	4109 511
56	26392	169.2	1	25567 825
57	31479	169.2	1	30343 1136
58	28034	169.2	1	26041 1993
59	35145	169.2	1	34286 859
60	34457	169.2	1	33409 1048
61	42195	169.2	1	41353 842
62	67472	169.2	1	66127 1345
63	10184	169.2	1	9778 406
64	15803	169.2	1	15112 691
65	22814	169.2	1	20444 2370
66	10753	169.2	1	9723 1030
67	8628	169.2	1	8039 589
68	8783	169.2	1	6915 1868
69	9642	169.2	1	8635 1007
70	55653	169.2	1	52063 3590
71	14495	169.2	1	13067 1428

=== First read: Adapter 2 ===

Sequence: CAGTCT; Type: regular 3'; Length: 6; Trimmed: 35207 times.

No. of allowed errors:
0-4 bp: 0; 5-6 bp: 1

Bases preceding removed adapters:
  A: 21.4%
  C: 28.5%
  G: 13.3%
  T: 24.3%
  none/other: 12.4%

Overview of removed sequences
length	count	expect	max.err	error counts
4	895	2706.7	0	0 895
5	1499	676.7	1	500 999
6	585	169.2	1	309 276
7	304	169.2	1	15 289
8	322	169.2	1	26 296
9	209	169.2	1	19 190
10	947	169.2	1	42 905
11	267	169.2	1	19 248
12	210	169.2	1	24 186
13	225	169.2	1	25 200
14	269	169.2	1	20 249
15	216	169.2	1	15 201
16	199	169.2	1	14 185
17	347	169.2	1	51 296
18	456	169.2	1	21 435
19	448	169.2	1	70 378
20	198	169.2	1	33 165
21	462	169.2	1	36 426
22	639	169.2	1	13 626
23	233	169.2	1	10 223
24	296	169.2	1	10 286
25	285	169.2	1	18 267
26	222	169.2	1	59 163
27	353	169.2	1	41 312
28	513	169.2	1	6 507
29	219	169.2	1	20 199
30	260	169.2	1	9 251
31	506	169.2	1	27 479
32	1029	169.2	1	77 952
33	584	169.2	1	83 501
34	413	169.2	1	12 401
35	377	169.2	1	10 367
36	321	169.2	1	12 309
37	332	169.2	1	9 323
38	759	169.2	1	8 751
39	290	169.2	1	23 267
40	187	169.2	1	9 178
41	296	169.2	1	10 286
42	374	169.2	1	115 259
43	415	169.2	1	21 394
44	392	169.2	1	3 389
45	301	169.2	1	3 298
46	115	169.2	1	2 113
47	355	169.2	1	16 339
48	256	169.2	1	12 244
49	247	169.2	1	8 239
50	269	169.2	1	12 257
51	442	169.2	1	4 438
52	408	169.2	1	9 399
53	554	169.2	1	34 520
54	791	169.2	1	24 767
55	806	169.2	1	8 798
56	312	169.2	1	21 291
57	625	169.2	1	33 592
58	1135	169.2	1	125 1010
59	1032	169.2	1	76 956
60	576	169.2	1	32 544
61	805	169.2	1	48 757
62	259	169.2	1	49 210
63	1366	169.2	1	11 1355
64	233	169.2	1	27 206
65	817	169.2	1	278 539
66	558	169.2	1	29 529
67	416	169.2	1	15 401
68	621	169.2	1	39 582
69	489	169.2	1	19 470
70	228	169.2	1	49 179
71	3838	169.2	1	1359 2479

